<?xml version="1.0" encoding="UTF-8"?>
<!-- Generated by org.testng.reporters.JUnitReportReporter -->
<testsuite hostname="INHYLP0032" failures="0" tests="1" name="Test.Test_LiquorandSpirits" time="934.514" errors="0" timestamp="2024-01-11T18:14:03 IST" skipped="0">
  <testcase classname="Test.Test_LiquorandSpirits" name="Liquor_and_SpiritingWise" time="934.514"/>
  <system-out/>
</testsuite> <!-- Test.Test_LiquorandSpirits -->
