<?xml version="1.0" encoding="UTF-8"?>
<!-- Generated by org.testng.reporters.JUnitReportReporter -->
<testsuite hostname="INHYLP0032" failures="0" tests="1" name="Test.No_description_Test_executable" time="300.073" errors="0" timestamp="2024-01-17T15:00:57 IST" skipped="0">
  <testcase classname="Test.No_description_Test_executable" name="execute_description" time="300.073"/>
  <system-out/>
</testsuite> <!-- Test.No_description_Test_executable -->
