<?xml version="1.0" encoding="UTF-8"?>
<!-- Generated by org.testng.reporters.JUnitReportReporter -->
<testsuite hostname="INHYLP0032" failures="0" tests="1" name="Test_images.Test_whiskey_images" time="303.982" errors="0" timestamp="2024-01-12T14:49:17 IST" skipped="0">
  <testcase classname="Test_images.Test_whiskey_images" name="Whiskey_levelling" time="303.982"/>
  <system-out/>
</testsuite> <!-- Test_images.Test_whiskey_images -->
