<?xml version="1.0" encoding="UTF-8"?>
<!-- Generated by org.testng.reporters.JUnitReportReporter -->
<testsuite hostname="INHYLP0032" failures="0" tests="1" name="Test_images.Test_Liquor_and_spirits" time="958.098" errors="0" timestamp="2024-01-12T15:22:24 IST" skipped="0">
  <testcase classname="Test_images.Test_Liquor_and_spirits" name="Test_Liquor_and_spirits_level" time="958.098"/>
  <system-out/>
</testsuite> <!-- Test_images.Test_Liquor_and_spirits -->
