<?xml version="1.0" encoding="UTF-8"?>
<!-- Generated by org.testng.reporters.JUnitReportReporter -->
<testsuite hostname="INHYLP0032" failures="0" tests="1" name="Test.Test_Other_items" time="968.138" errors="0" timestamp="2024-01-12T16:30:20 IST" skipped="0">
  <testcase classname="Test.Test_Other_items" name="Test_Other_items_leveling" time="968.138"/>
  <system-out/>
</testsuite> <!-- Test.Test_Other_items -->
