<?xml version="1.0" encoding="UTF-8"?>
<!-- Generated by org.testng.reporters.JUnitReportReporter -->
<testsuite hostname="INHYLP0032" failures="0" tests="1" name="Google_sheet_Test.BestBuyAPITests" time="10.615" errors="1" timestamp="2024-01-17T19:35:13 IST" skipped="0">
  <testcase classname="Google_sheet_Test.BestBuyAPITests" name="init" time="10.615">
    <error message="400 Bad Request
PUT https://sheets.googleapis.com/v4/spreadsheets/1_BE8gXMsgyzOLKKwlBTh3zJQMYwU0w5tvgMPGhdA9r0/values/nullA1?valueInputOption=USER_ENTERED
{
  &quot;code&quot; : 400,
  &quot;errors&quot; : [ {
    &quot;domain&quot; : &quot;global&quot;,
    &quot;message&quot; : &quot;Unable to parse range: nullA1&quot;,
    &quot;reason&quot; : &quot;badRequest&quot;
  } ],
  &quot;message&quot; : &quot;Unable to parse range: nullA1&quot;,
  &quot;status&quot; : &quot;INVALID_ARGUMENT&quot;
}" type="com.google.api.client.googleapis.json.GoogleJsonResponseException">
      <![CDATA[com.google.api.client.googleapis.json.GoogleJsonResponseException: 400 Bad Request
PUT https://sheets.googleapis.com/v4/spreadsheets/1_BE8gXMsgyzOLKKwlBTh3zJQMYwU0w5tvgMPGhdA9r0/values/nullA1?valueInputOption=USER_ENTERED
{
  "code" : 400,
  "errors" : [ {
    "domain" : "global",
    "message" : "Unable to parse range: nullA1",
    "reason" : "badRequest"
  } ],
  "message" : "Unable to parse range: nullA1",
  "status" : "INVALID_ARGUMENT"
}
at com.google.api.client.googleapis.json.GoogleJsonResponseException.from(GoogleJsonResponseException.java:146)
at com.google.api.client.googleapis.services.json.AbstractGoogleJsonClientRequest.newExceptionOnError(AbstractGoogleJsonClientRequest.java:118)
at com.google.api.client.googleapis.services.json.AbstractGoogleJsonClientRequest.newExceptionOnError(AbstractGoogleJsonClientRequest.java:37)
at com.google.api.client.googleapis.services.AbstractGoogleClientRequest$1.interceptResponse(AbstractGoogleClientRequest.java:428)
at com.google.api.client.http.HttpRequest.execute(HttpRequest.java:1111)
at com.google.api.client.googleapis.services.AbstractGoogleClientRequest.executeUnparsed(AbstractGoogleClientRequest.java:514)
at com.google.api.client.googleapis.services.AbstractGoogleClientRequest.executeUnparsed(AbstractGoogleClientRequest.java:455)
at com.google.api.client.googleapis.services.AbstractGoogleClientRequest.execute(AbstractGoogleClientRequest.java:565)
at Google_sheet_Test.GoogleSheets.writeSheet(GoogleSheets.java:143)
at Google_sheet_Test.GoogleSheets.createSheetAndColumn(GoogleSheets.java:38)
at Test.BaseFile.init(BaseFile.java:69)
at java.base/jdk.internal.reflect.NativeMethodAccessorImpl.invoke0(Native Method)
at java.base/jdk.internal.reflect.NativeMethodAccessorImpl.invoke(NativeMethodAccessorImpl.java:77)
at java.base/jdk.internal.reflect.DelegatingMethodAccessorImpl.invoke(DelegatingMethodAccessorImpl.java:43)
at java.base/java.lang.reflect.Method.invoke(Method.java:568)
at org.testng.internal.invokers.MethodInvocationHelper.invokeMethod(MethodInvocationHelper.java:139)
at org.testng.internal.invokers.MethodInvocationHelper.invokeMethodConsideringTimeout(MethodInvocationHelper.java:69)
at org.testng.internal.invokers.ConfigInvoker.invokeConfigurationMethod(ConfigInvoker.java:361)
at org.testng.internal.invokers.ConfigInvoker.invokeConfigurations(ConfigInvoker.java:296)
at org.testng.SuiteRunner.privateRun(SuiteRunner.java:372)
at org.testng.SuiteRunner.run(SuiteRunner.java:330)
at org.testng.SuiteRunnerWorker.runSuite(SuiteRunnerWorker.java:52)
at org.testng.SuiteRunnerWorker.run(SuiteRunnerWorker.java:95)
at org.testng.TestNG.runSuitesSequentially(TestNG.java:1256)
at org.testng.TestNG.runSuitesLocally(TestNG.java:1176)
at org.testng.TestNG.runSuites(TestNG.java:1099)
at org.testng.TestNG.run(TestNG.java:1067)
at org.testng.remote.AbstractRemoteTestNG.run(AbstractRemoteTestNG.java:115)
at org.testng.remote.RemoteTestNG.initAndRun(RemoteTestNG.java:251)
at org.testng.remote.RemoteTestNG.main(RemoteTestNG.java:77)
]]>
    </error>
  </testcase> <!-- init -->
  <system-out/>
</testsuite> <!-- Google_sheet_Test.BestBuyAPITests -->
